<?xml version="1.0" encoding="UTF-8"?>
<testsuite xmlns:xsi="http://www.w3.org/2001/XMLSchema-instance" xsi:noNamespaceSchemaLocation="https://maven.apache.org/surefire/maven-surefire-plugin/xsd/surefire-test-report.xsd" name="com.example.boot_demo.BootDemoApplicationTests" time="15.95" tests="1" errors="0" skipped="0" failures="0">
  <properties>
    <property name="sun.desktop" value="windows"/>
    <property name="awt.toolkit" value="sun.awt.windows.WToolkit"/>
    <property name="file.encoding.pkg" value="sun.io"/>
    <property name="java.specification.version" value="1.8"/>
    <property name="sun.cpu.isalist" value="amd64"/>
    <property name="sun.jnu.encoding" value="GBK"/>
    <property name="java.class.path" value="E:\ideaWorkSpace\boot_demo\target\test-classes;E:\ideaWorkSpace\boot_demo\target\classes;D:\maven\apache-maven-3.3.9\conf\repository\org\springframework\boot\spring-boot-starter-batch\2.1.6.RELEASE\spring-boot-starter-batch-2.1.6.RELEASE.jar;D:\maven\apache-maven-3.3.9\conf\repository\org\springframework\boot\spring-boot-starter\2.1.6.RELEASE\spring-boot-starter-2.1.6.RELEASE.jar;D:\maven\apache-maven-3.3.9\conf\repository\org\springframework\boot\spring-boot\2.1.6.RELEASE\spring-boot-2.1.6.RELEASE.jar;D:\maven\apache-maven-3.3.9\conf\repository\org\springframework\boot\spring-boot-autoconfigure\2.1.6.RELEASE\spring-boot-autoconfigure-2.1.6.RELEASE.jar;D:\maven\apache-maven-3.3.9\conf\repository\org\springframework\boot\spring-boot-starter-logging\2.1.6.RELEASE\spring-boot-starter-logging-2.1.6.RELEASE.jar;D:\maven\apache-maven-3.3.9\conf\repository\ch\qos\logback\logback-classic\1.2.3\logback-classic-1.2.3.jar;D:\maven\apache-maven-3.3.9\conf\repository\ch\qos\logback\logback-core\1.2.3\logback-core-1.2.3.jar;D:\maven\apache-maven-3.3.9\conf\repository\org\apache\logging\log4j\log4j-to-slf4j\2.11.2\log4j-to-slf4j-2.11.2.jar;D:\maven\apache-maven-3.3.9\conf\repository\org\apache\logging\log4j\log4j-api\2.11.2\log4j-api-2.11.2.jar;D:\maven\apache-maven-3.3.9\conf\repository\org\slf4j\jul-to-slf4j\1.7.26\jul-to-slf4j-1.7.26.jar;D:\maven\apache-maven-3.3.9\conf\repository\javax\annotation\javax.annotation-api\1.3.2\javax.annotation-api-1.3.2.jar;D:\maven\apache-maven-3.3.9\conf\repository\org\yaml\snakeyaml\1.23\snakeyaml-1.23.jar;D:\maven\apache-maven-3.3.9\conf\repository\org\springframework\boot\spring-boot-starter-jdbc\2.1.6.RELEASE\spring-boot-starter-jdbc-2.1.6.RELEASE.jar;D:\maven\apache-maven-3.3.9\conf\repository\com\zaxxer\HikariCP\3.2.0\HikariCP-3.2.0.jar;D:\maven\apache-maven-3.3.9\conf\repository\org\springframework\batch\spring-batch-core\4.1.2.RELEASE\spring-batch-core-4.1.2.RELEASE.jar;D:\maven\apache-maven-3.3.9\conf\repository\com\fasterxml\jackson\core\jackson-databind\2.9.9\jackson-databind-2.9.9.jar;D:\maven\apache-maven-3.3.9\conf\repository\com\fasterxml\jackson\core\jackson-annotations\2.9.0\jackson-annotations-2.9.0.jar;D:\maven\apache-maven-3.3.9\conf\repository\com\fasterxml\jackson\core\jackson-core\2.9.9\jackson-core-2.9.9.jar;D:\maven\apache-maven-3.3.9\conf\repository\javax\batch\javax.batch-api\1.0\javax.batch-api-1.0.jar;D:\maven\apache-maven-3.3.9\conf\repository\org\codehaus\jettison\jettison\1.2\jettison-1.2.jar;D:\maven\apache-maven-3.3.9\conf\repository\org\springframework\batch\spring-batch-infrastructure\4.1.2.RELEASE\spring-batch-infrastructure-4.1.2.RELEASE.jar;D:\maven\apache-maven-3.3.9\conf\repository\org\springframework\retry\spring-retry\1.2.4.RELEASE\spring-retry-1.2.4.RELEASE.jar;D:\maven\apache-maven-3.3.9\conf\repository\org\springframework\spring-aop\5.1.8.RELEASE\spring-aop-5.1.8.RELEASE.jar;D:\maven\apache-maven-3.3.9\conf\repository\org\springframework\spring-beans\5.1.8.RELEASE\spring-beans-5.1.8.RELEASE.jar;D:\maven\apache-maven-3.3.9\conf\repository\org\springframework\spring-context\5.1.8.RELEASE\spring-context-5.1.8.RELEASE.jar;D:\maven\apache-maven-3.3.9\conf\repository\org\springframework\boot\spring-boot-starter-data-jpa\2.1.6.RELEASE\spring-boot-starter-data-jpa-2.1.6.RELEASE.jar;D:\maven\apache-maven-3.3.9\conf\repository\org\springframework\boot\spring-boot-starter-aop\2.1.6.RELEASE\spring-boot-starter-aop-2.1.6.RELEASE.jar;D:\maven\apache-maven-3.3.9\conf\repository\org\aspectj\aspectjweaver\1.9.4\aspectjweaver-1.9.4.jar;D:\maven\apache-maven-3.3.9\conf\repository\javax\transaction\javax.transaction-api\1.3\javax.transaction-api-1.3.jar;D:\maven\apache-maven-3.3.9\conf\repository\javax\xml\bind\jaxb-api\2.3.1\jaxb-api-2.3.1.jar;D:\maven\apache-maven-3.3.9\conf\repository\javax\activation\javax.activation-api\1.2.0\javax.activation-api-1.2.0.jar;D:\maven\apache-maven-3.3.9\conf\repository\org\hibernate\hibernate-core\5.3.10.Final\hibernate-core-5.3.10.Final.jar;D:\maven\apache-maven-3.3.9\conf\repository\org\jboss\logging\jboss-logging\3.3.2.Final\jboss-logging-3.3.2.Final.jar;D:\maven\apache-maven-3.3.9\conf\repository\javax\persistence\javax.persistence-api\2.2\javax.persistence-api-2.2.jar;D:\maven\apache-maven-3.3.9\conf\repository\org\javassist\javassist\3.23.2-GA\javassist-3.23.2-GA.jar;D:\maven\apache-maven-3.3.9\conf\repository\net\bytebuddy\byte-buddy\1.9.13\byte-buddy-1.9.13.jar;D:\maven\apache-maven-3.3.9\conf\repository\antlr\antlr\2.7.7\antlr-2.7.7.jar;D:\maven\apache-maven-3.3.9\conf\repository\org\jboss\jandex\2.0.5.Final\jandex-2.0.5.Final.jar;D:\maven\apache-maven-3.3.9\conf\repository\com\fasterxml\classmate\1.4.0\classmate-1.4.0.jar;D:\maven\apache-maven-3.3.9\conf\repository\org\dom4j\dom4j\2.1.1\dom4j-2.1.1.jar;D:\maven\apache-maven-3.3.9\conf\repository\org\hibernate\common\hibernate-commons-annotations\5.0.4.Final\hibernate-commons-annotations-5.0.4.Final.jar;D:\maven\apache-maven-3.3.9\conf\repository\org\springframework\data\spring-data-jpa\2.1.9.RELEASE\spring-data-jpa-2.1.9.RELEASE.jar;D:\maven\apache-maven-3.3.9\conf\repository\org\springframework\data\spring-data-commons\2.1.9.RELEASE\spring-data-commons-2.1.9.RELEASE.jar;D:\maven\apache-maven-3.3.9\conf\repository\org\springframework\spring-orm\5.1.8.RELEASE\spring-orm-5.1.8.RELEASE.jar;D:\maven\apache-maven-3.3.9\conf\repository\org\slf4j\slf4j-api\1.7.26\slf4j-api-1.7.26.jar;D:\maven\apache-maven-3.3.9\conf\repository\org\springframework\spring-aspects\5.1.8.RELEASE\spring-aspects-5.1.8.RELEASE.jar;D:\maven\apache-maven-3.3.9\conf\repository\org\springframework\boot\spring-boot-starter-freemarker\2.1.6.RELEASE\spring-boot-starter-freemarker-2.1.6.RELEASE.jar;D:\maven\apache-maven-3.3.9\conf\repository\org\freemarker\freemarker\2.3.28\freemarker-2.3.28.jar;D:\maven\apache-maven-3.3.9\conf\repository\org\springframework\spring-context-support\5.1.8.RELEASE\spring-context-support-5.1.8.RELEASE.jar;D:\maven\apache-maven-3.3.9\conf\repository\org\springframework\boot\spring-boot-starter-data-redis\2.1.6.RELEASE\spring-boot-starter-data-redis-2.1.6.RELEASE.jar;D:\maven\apache-maven-3.3.9\conf\repository\org\springframework\data\spring-data-redis\2.1.9.RELEASE\spring-data-redis-2.1.9.RELEASE.jar;D:\maven\apache-maven-3.3.9\conf\repository\org\springframework\data\spring-data-keyvalue\2.1.9.RELEASE\spring-data-keyvalue-2.1.9.RELEASE.jar;D:\maven\apache-maven-3.3.9\conf\repository\org\springframework\spring-oxm\5.1.8.RELEASE\spring-oxm-5.1.8.RELEASE.jar;D:\maven\apache-maven-3.3.9\conf\repository\io\lettuce\lettuce-core\5.1.7.RELEASE\lettuce-core-5.1.7.RELEASE.jar;D:\maven\apache-maven-3.3.9\conf\repository\io\netty\netty-common\4.1.36.Final\netty-common-4.1.36.Final.jar;D:\maven\apache-maven-3.3.9\conf\repository\io\netty\netty-handler\4.1.36.Final\netty-handler-4.1.36.Final.jar;D:\maven\apache-maven-3.3.9\conf\repository\io\netty\netty-buffer\4.1.36.Final\netty-buffer-4.1.36.Final.jar;D:\maven\apache-maven-3.3.9\conf\repository\io\netty\netty-codec\4.1.36.Final\netty-codec-4.1.36.Final.jar;D:\maven\apache-maven-3.3.9\conf\repository\io\netty\netty-transport\4.1.36.Final\netty-transport-4.1.36.Final.jar;D:\maven\apache-maven-3.3.9\conf\repository\io\netty\netty-resolver\4.1.36.Final\netty-resolver-4.1.36.Final.jar;D:\maven\apache-maven-3.3.9\conf\repository\io\projectreactor\reactor-core\3.2.10.RELEASE\reactor-core-3.2.10.RELEASE.jar;D:\maven\apache-maven-3.3.9\conf\repository\org\reactivestreams\reactive-streams\1.0.2\reactive-streams-1.0.2.jar;D:\maven\apache-maven-3.3.9\conf\repository\org\springframework\boot\spring-boot-starter-quartz\2.1.6.RELEASE\spring-boot-starter-quartz-2.1.6.RELEASE.jar;D:\maven\apache-maven-3.3.9\conf\repository\org\springframework\spring-tx\5.1.8.RELEASE\spring-tx-5.1.8.RELEASE.jar;D:\maven\apache-maven-3.3.9\conf\repository\org\quartz-scheduler\quartz\2.3.1\quartz-2.3.1.jar;D:\maven\apache-maven-3.3.9\conf\repository\com\mchange\mchange-commons-java\0.2.15\mchange-commons-java-0.2.15.jar;D:\maven\apache-maven-3.3.9\conf\repository\org\springframework\boot\spring-boot-starter-web\2.1.6.RELEASE\spring-boot-starter-web-2.1.6.RELEASE.jar;D:\maven\apache-maven-3.3.9\conf\repository\org\springframework\boot\spring-boot-starter-json\2.1.6.RELEASE\spring-boot-starter-json-2.1.6.RELEASE.jar;D:\maven\apache-maven-3.3.9\conf\repository\com\fasterxml\jackson\datatype\jackson-datatype-jdk8\2.9.9\jackson-datatype-jdk8-2.9.9.jar;D:\maven\apache-maven-3.3.9\conf\repository\com\fasterxml\jackson\datatype\jackson-datatype-jsr310\2.9.9\jackson-datatype-jsr310-2.9.9.jar;D:\maven\apache-maven-3.3.9\conf\repository\com\fasterxml\jackson\module\jackson-module-parameter-names\2.9.9\jackson-module-parameter-names-2.9.9.jar;D:\maven\apache-maven-3.3.9\conf\repository\org\springframework\boot\spring-boot-starter-tomcat\2.1.6.RELEASE\spring-boot-starter-tomcat-2.1.6.RELEASE.jar;D:\maven\apache-maven-3.3.9\conf\repository\org\apache\tomcat\embed\tomcat-embed-core\9.0.21\tomcat-embed-core-9.0.21.jar;D:\maven\apache-maven-3.3.9\conf\repository\org\apache\tomcat\embed\tomcat-embed-el\9.0.21\tomcat-embed-el-9.0.21.jar;D:\maven\apache-maven-3.3.9\conf\repository\org\apache\tomcat\embed\tomcat-embed-websocket\9.0.21\tomcat-embed-websocket-9.0.21.jar;D:\maven\apache-maven-3.3.9\conf\repository\org\hibernate\validator\hibernate-validator\6.0.17.Final\hibernate-validator-6.0.17.Final.jar;D:\maven\apache-maven-3.3.9\conf\repository\javax\validation\validation-api\2.0.1.Final\validation-api-2.0.1.Final.jar;D:\maven\apache-maven-3.3.9\conf\repository\org\springframework\spring-web\5.1.8.RELEASE\spring-web-5.1.8.RELEASE.jar;D:\maven\apache-maven-3.3.9\conf\repository\org\springframework\spring-webmvc\5.1.8.RELEASE\spring-webmvc-5.1.8.RELEASE.jar;D:\maven\apache-maven-3.3.9\conf\repository\org\springframework\spring-expression\5.1.8.RELEASE\spring-expression-5.1.8.RELEASE.jar;D:\maven\apache-maven-3.3.9\conf\repository\mysql\mysql-connector-java\8.0.16\mysql-connector-java-8.0.16.jar;D:\maven\apache-maven-3.3.9\conf\repository\org\projectlombok\lombok\1.18.8\lombok-1.18.8.jar;D:\maven\apache-maven-3.3.9\conf\repository\org\springframework\boot\spring-boot-starter-test\2.1.6.RELEASE\spring-boot-starter-test-2.1.6.RELEASE.jar;D:\maven\apache-maven-3.3.9\conf\repository\org\springframework\boot\spring-boot-test\2.1.6.RELEASE\spring-boot-test-2.1.6.RELEASE.jar;D:\maven\apache-maven-3.3.9\conf\repository\org\springframework\boot\spring-boot-test-autoconfigure\2.1.6.RELEASE\spring-boot-test-autoconfigure-2.1.6.RELEASE.jar;D:\maven\apache-maven-3.3.9\conf\repository\com\jayway\jsonpath\json-path\2.4.0\json-path-2.4.0.jar;D:\maven\apache-maven-3.3.9\conf\repository\net\minidev\json-smart\2.3\json-smart-2.3.jar;D:\maven\apache-maven-3.3.9\conf\repository\net\minidev\accessors-smart\1.2\accessors-smart-1.2.jar;D:\maven\apache-maven-3.3.9\conf\repository\org\ow2\asm\asm\5.0.4\asm-5.0.4.jar;D:\maven\apache-maven-3.3.9\conf\repository\org\assertj\assertj-core\3.11.1\assertj-core-3.11.1.jar;D:\maven\apache-maven-3.3.9\conf\repository\org\mockito\mockito-core\2.23.4\mockito-core-2.23.4.jar;D:\maven\apache-maven-3.3.9\conf\repository\net\bytebuddy\byte-buddy-agent\1.9.13\byte-buddy-agent-1.9.13.jar;D:\maven\apache-maven-3.3.9\conf\repository\org\objenesis\objenesis\2.6\objenesis-2.6.jar;D:\maven\apache-maven-3.3.9\conf\repository\org\hamcrest\hamcrest-core\1.3\hamcrest-core-1.3.jar;D:\maven\apache-maven-3.3.9\conf\repository\org\hamcrest\hamcrest-library\1.3\hamcrest-library-1.3.jar;D:\maven\apache-maven-3.3.9\conf\repository\org\skyscreamer\jsonassert\1.5.0\jsonassert-1.5.0.jar;D:\maven\apache-maven-3.3.9\conf\repository\com\vaadin\external\google\android-json\0.0.20131108.vaadin1\android-json-0.0.20131108.vaadin1.jar;D:\maven\apache-maven-3.3.9\conf\repository\org\springframework\spring-core\5.1.8.RELEASE\spring-core-5.1.8.RELEASE.jar;D:\maven\apache-maven-3.3.9\conf\repository\org\springframework\spring-jcl\5.1.8.RELEASE\spring-jcl-5.1.8.RELEASE.jar;D:\maven\apache-maven-3.3.9\conf\repository\org\springframework\spring-test\5.1.8.RELEASE\spring-test-5.1.8.RELEASE.jar;D:\maven\apache-maven-3.3.9\conf\repository\org\xmlunit\xmlunit-core\2.6.2\xmlunit-core-2.6.2.jar;D:\maven\apache-maven-3.3.9\conf\repository\org\springframework\batch\spring-batch-test\4.1.2.RELEASE\spring-batch-test-4.1.2.RELEASE.jar;D:\maven\apache-maven-3.3.9\conf\repository\org\springframework\spring-jdbc\5.1.8.RELEASE\spring-jdbc-5.1.8.RELEASE.jar;D:\maven\apache-maven-3.3.9\conf\repository\commons-io\commons-io\2.5\commons-io-2.5.jar;D:\maven\apache-maven-3.3.9\conf\repository\org\apache\httpcomponents\httpclient\4.5.9\httpclient-4.5.9.jar;D:\maven\apache-maven-3.3.9\conf\repository\org\apache\httpcomponents\httpcore\4.4.11\httpcore-4.4.11.jar;D:\maven\apache-maven-3.3.9\conf\repository\commons-codec\commons-codec\1.11\commons-codec-1.11.jar;D:\maven\apache-maven-3.3.9\conf\repository\org\apache\httpcomponents\httpmime\4.5.9\httpmime-4.5.9.jar;D:\maven\apache-maven-3.3.9\conf\repository\org\apache\poi\poi\3.9\poi-3.9.jar;D:\maven\apache-maven-3.3.9\conf\repository\org\apache\poi\poi-ooxml\3.9\poi-ooxml-3.9.jar;D:\maven\apache-maven-3.3.9\conf\repository\org\apache\poi\poi-ooxml-schemas\3.9\poi-ooxml-schemas-3.9.jar;D:\maven\apache-maven-3.3.9\conf\repository\dom4j\dom4j\1.6.1\dom4j-1.6.1.jar;D:\maven\apache-maven-3.3.9\conf\repository\xml-apis\xml-apis\1.4.01\xml-apis-1.4.01.jar;D:\maven\apache-maven-3.3.9\conf\repository\org\apache\poi\ooxml-schemas\1.1\ooxml-schemas-1.1.jar;D:\maven\apache-maven-3.3.9\conf\repository\org\apache\xmlbeans\xmlbeans\2.3.0\xmlbeans-2.3.0.jar;D:\maven\apache-maven-3.3.9\conf\repository\stax\stax-api\1.0.1\stax-api-1.0.1.jar;D:\maven\apache-maven-3.3.9\conf\repository\com\google\code\gson\gson\2.8.0\gson-2.8.0.jar;D:\maven\apache-maven-3.3.9\conf\repository\com\alibaba\druid\1.1.10\druid-1.1.10.jar;D:\maven\apache-maven-3.3.9\conf\repository\junit\junit\4.12\junit-4.12.jar;"/>
    <property name="java.vm.vendor" value="Oracle Corporation"/>
    <property name="sun.arch.data.model" value="64"/>
    <property name="user.variant" value=""/>
    <property name="java.vendor.url" value="http://java.oracle.com/"/>
    <property name="user.timezone" value="Asia/Shanghai"/>
    <property name="java.vm.specification.version" value="1.8"/>
    <property name="os.name" value="Windows 10"/>
    <property name="user.country" value="CN"/>
    <property name="sun.java.launcher" value="SUN_STANDARD"/>
    <property name="sun.boot.library.path" value="D:\jdk\JDK18077\jdk1.8.0_77\jre\bin"/>
    <property name="sun.java.command" value="C:\Users\lenovo\AppData\Local\Temp\surefire5637737824888578058\surefirebooter6315486283742673397.jar C:\Users\lenovo\AppData\Local\Temp\surefire5637737824888578058 2019-08-06T17-17-27_873-jvmRun1 surefire112362209394623922tmp surefire_01836003417942457912tmp"/>
    <property name="surefire.test.class.path" value="E:\ideaWorkSpace\boot_demo\target\test-classes;E:\ideaWorkSpace\boot_demo\target\classes;D:\maven\apache-maven-3.3.9\conf\repository\org\springframework\boot\spring-boot-starter-batch\2.1.6.RELEASE\spring-boot-starter-batch-2.1.6.RELEASE.jar;D:\maven\apache-maven-3.3.9\conf\repository\org\springframework\boot\spring-boot-starter\2.1.6.RELEASE\spring-boot-starter-2.1.6.RELEASE.jar;D:\maven\apache-maven-3.3.9\conf\repository\org\springframework\boot\spring-boot\2.1.6.RELEASE\spring-boot-2.1.6.RELEASE.jar;D:\maven\apache-maven-3.3.9\conf\repository\org\springframework\boot\spring-boot-autoconfigure\2.1.6.RELEASE\spring-boot-autoconfigure-2.1.6.RELEASE.jar;D:\maven\apache-maven-3.3.9\conf\repository\org\springframework\boot\spring-boot-starter-logging\2.1.6.RELEASE\spring-boot-starter-logging-2.1.6.RELEASE.jar;D:\maven\apache-maven-3.3.9\conf\repository\ch\qos\logback\logback-classic\1.2.3\logback-classic-1.2.3.jar;D:\maven\apache-maven-3.3.9\conf\repository\ch\qos\logback\logback-core\1.2.3\logback-core-1.2.3.jar;D:\maven\apache-maven-3.3.9\conf\repository\org\apache\logging\log4j\log4j-to-slf4j\2.11.2\log4j-to-slf4j-2.11.2.jar;D:\maven\apache-maven-3.3.9\conf\repository\org\apache\logging\log4j\log4j-api\2.11.2\log4j-api-2.11.2.jar;D:\maven\apache-maven-3.3.9\conf\repository\org\slf4j\jul-to-slf4j\1.7.26\jul-to-slf4j-1.7.26.jar;D:\maven\apache-maven-3.3.9\conf\repository\javax\annotation\javax.annotation-api\1.3.2\javax.annotation-api-1.3.2.jar;D:\maven\apache-maven-3.3.9\conf\repository\org\yaml\snakeyaml\1.23\snakeyaml-1.23.jar;D:\maven\apache-maven-3.3.9\conf\repository\org\springframework\boot\spring-boot-starter-jdbc\2.1.6.RELEASE\spring-boot-starter-jdbc-2.1.6.RELEASE.jar;D:\maven\apache-maven-3.3.9\conf\repository\com\zaxxer\HikariCP\3.2.0\HikariCP-3.2.0.jar;D:\maven\apache-maven-3.3.9\conf\repository\org\springframework\batch\spring-batch-core\4.1.2.RELEASE\spring-batch-core-4.1.2.RELEASE.jar;D:\maven\apache-maven-3.3.9\conf\repository\com\fasterxml\jackson\core\jackson-databind\2.9.9\jackson-databind-2.9.9.jar;D:\maven\apache-maven-3.3.9\conf\repository\com\fasterxml\jackson\core\jackson-annotations\2.9.0\jackson-annotations-2.9.0.jar;D:\maven\apache-maven-3.3.9\conf\repository\com\fasterxml\jackson\core\jackson-core\2.9.9\jackson-core-2.9.9.jar;D:\maven\apache-maven-3.3.9\conf\repository\javax\batch\javax.batch-api\1.0\javax.batch-api-1.0.jar;D:\maven\apache-maven-3.3.9\conf\repository\org\codehaus\jettison\jettison\1.2\jettison-1.2.jar;D:\maven\apache-maven-3.3.9\conf\repository\org\springframework\batch\spring-batch-infrastructure\4.1.2.RELEASE\spring-batch-infrastructure-4.1.2.RELEASE.jar;D:\maven\apache-maven-3.3.9\conf\repository\org\springframework\retry\spring-retry\1.2.4.RELEASE\spring-retry-1.2.4.RELEASE.jar;D:\maven\apache-maven-3.3.9\conf\repository\org\springframework\spring-aop\5.1.8.RELEASE\spring-aop-5.1.8.RELEASE.jar;D:\maven\apache-maven-3.3.9\conf\repository\org\springframework\spring-beans\5.1.8.RELEASE\spring-beans-5.1.8.RELEASE.jar;D:\maven\apache-maven-3.3.9\conf\repository\org\springframework\spring-context\5.1.8.RELEASE\spring-context-5.1.8.RELEASE.jar;D:\maven\apache-maven-3.3.9\conf\repository\org\springframework\boot\spring-boot-starter-data-jpa\2.1.6.RELEASE\spring-boot-starter-data-jpa-2.1.6.RELEASE.jar;D:\maven\apache-maven-3.3.9\conf\repository\org\springframework\boot\spring-boot-starter-aop\2.1.6.RELEASE\spring-boot-starter-aop-2.1.6.RELEASE.jar;D:\maven\apache-maven-3.3.9\conf\repository\org\aspectj\aspectjweaver\1.9.4\aspectjweaver-1.9.4.jar;D:\maven\apache-maven-3.3.9\conf\repository\javax\transaction\javax.transaction-api\1.3\javax.transaction-api-1.3.jar;D:\maven\apache-maven-3.3.9\conf\repository\javax\xml\bind\jaxb-api\2.3.1\jaxb-api-2.3.1.jar;D:\maven\apache-maven-3.3.9\conf\repository\javax\activation\javax.activation-api\1.2.0\javax.activation-api-1.2.0.jar;D:\maven\apache-maven-3.3.9\conf\repository\org\hibernate\hibernate-core\5.3.10.Final\hibernate-core-5.3.10.Final.jar;D:\maven\apache-maven-3.3.9\conf\repository\org\jboss\logging\jboss-logging\3.3.2.Final\jboss-logging-3.3.2.Final.jar;D:\maven\apache-maven-3.3.9\conf\repository\javax\persistence\javax.persistence-api\2.2\javax.persistence-api-2.2.jar;D:\maven\apache-maven-3.3.9\conf\repository\org\javassist\javassist\3.23.2-GA\javassist-3.23.2-GA.jar;D:\maven\apache-maven-3.3.9\conf\repository\net\bytebuddy\byte-buddy\1.9.13\byte-buddy-1.9.13.jar;D:\maven\apache-maven-3.3.9\conf\repository\antlr\antlr\2.7.7\antlr-2.7.7.jar;D:\maven\apache-maven-3.3.9\conf\repository\org\jboss\jandex\2.0.5.Final\jandex-2.0.5.Final.jar;D:\maven\apache-maven-3.3.9\conf\repository\com\fasterxml\classmate\1.4.0\classmate-1.4.0.jar;D:\maven\apache-maven-3.3.9\conf\repository\org\dom4j\dom4j\2.1.1\dom4j-2.1.1.jar;D:\maven\apache-maven-3.3.9\conf\repository\org\hibernate\common\hibernate-commons-annotations\5.0.4.Final\hibernate-commons-annotations-5.0.4.Final.jar;D:\maven\apache-maven-3.3.9\conf\repository\org\springframework\data\spring-data-jpa\2.1.9.RELEASE\spring-data-jpa-2.1.9.RELEASE.jar;D:\maven\apache-maven-3.3.9\conf\repository\org\springframework\data\spring-data-commons\2.1.9.RELEASE\spring-data-commons-2.1.9.RELEASE.jar;D:\maven\apache-maven-3.3.9\conf\repository\org\springframework\spring-orm\5.1.8.RELEASE\spring-orm-5.1.8.RELEASE.jar;D:\maven\apache-maven-3.3.9\conf\repository\org\slf4j\slf4j-api\1.7.26\slf4j-api-1.7.26.jar;D:\maven\apache-maven-3.3.9\conf\repository\org\springframework\spring-aspects\5.1.8.RELEASE\spring-aspects-5.1.8.RELEASE.jar;D:\maven\apache-maven-3.3.9\conf\repository\org\springframework\boot\spring-boot-starter-freemarker\2.1.6.RELEASE\spring-boot-starter-freemarker-2.1.6.RELEASE.jar;D:\maven\apache-maven-3.3.9\conf\repository\org\freemarker\freemarker\2.3.28\freemarker-2.3.28.jar;D:\maven\apache-maven-3.3.9\conf\repository\org\springframework\spring-context-support\5.1.8.RELEASE\spring-context-support-5.1.8.RELEASE.jar;D:\maven\apache-maven-3.3.9\conf\repository\org\springframework\boot\spring-boot-starter-data-redis\2.1.6.RELEASE\spring-boot-starter-data-redis-2.1.6.RELEASE.jar;D:\maven\apache-maven-3.3.9\conf\repository\org\springframework\data\spring-data-redis\2.1.9.RELEASE\spring-data-redis-2.1.9.RELEASE.jar;D:\maven\apache-maven-3.3.9\conf\repository\org\springframework\data\spring-data-keyvalue\2.1.9.RELEASE\spring-data-keyvalue-2.1.9.RELEASE.jar;D:\maven\apache-maven-3.3.9\conf\repository\org\springframework\spring-oxm\5.1.8.RELEASE\spring-oxm-5.1.8.RELEASE.jar;D:\maven\apache-maven-3.3.9\conf\repository\io\lettuce\lettuce-core\5.1.7.RELEASE\lettuce-core-5.1.7.RELEASE.jar;D:\maven\apache-maven-3.3.9\conf\repository\io\netty\netty-common\4.1.36.Final\netty-common-4.1.36.Final.jar;D:\maven\apache-maven-3.3.9\conf\repository\io\netty\netty-handler\4.1.36.Final\netty-handler-4.1.36.Final.jar;D:\maven\apache-maven-3.3.9\conf\repository\io\netty\netty-buffer\4.1.36.Final\netty-buffer-4.1.36.Final.jar;D:\maven\apache-maven-3.3.9\conf\repository\io\netty\netty-codec\4.1.36.Final\netty-codec-4.1.36.Final.jar;D:\maven\apache-maven-3.3.9\conf\repository\io\netty\netty-transport\4.1.36.Final\netty-transport-4.1.36.Final.jar;D:\maven\apache-maven-3.3.9\conf\repository\io\netty\netty-resolver\4.1.36.Final\netty-resolver-4.1.36.Final.jar;D:\maven\apache-maven-3.3.9\conf\repository\io\projectreactor\reactor-core\3.2.10.RELEASE\reactor-core-3.2.10.RELEASE.jar;D:\maven\apache-maven-3.3.9\conf\repository\org\reactivestreams\reactive-streams\1.0.2\reactive-streams-1.0.2.jar;D:\maven\apache-maven-3.3.9\conf\repository\org\springframework\boot\spring-boot-starter-quartz\2.1.6.RELEASE\spring-boot-starter-quartz-2.1.6.RELEASE.jar;D:\maven\apache-maven-3.3.9\conf\repository\org\springframework\spring-tx\5.1.8.RELEASE\spring-tx-5.1.8.RELEASE.jar;D:\maven\apache-maven-3.3.9\conf\repository\org\quartz-scheduler\quartz\2.3.1\quartz-2.3.1.jar;D:\maven\apache-maven-3.3.9\conf\repository\com\mchange\mchange-commons-java\0.2.15\mchange-commons-java-0.2.15.jar;D:\maven\apache-maven-3.3.9\conf\repository\org\springframework\boot\spring-boot-starter-web\2.1.6.RELEASE\spring-boot-starter-web-2.1.6.RELEASE.jar;D:\maven\apache-maven-3.3.9\conf\repository\org\springframework\boot\spring-boot-starter-json\2.1.6.RELEASE\spring-boot-starter-json-2.1.6.RELEASE.jar;D:\maven\apache-maven-3.3.9\conf\repository\com\fasterxml\jackson\datatype\jackson-datatype-jdk8\2.9.9\jackson-datatype-jdk8-2.9.9.jar;D:\maven\apache-maven-3.3.9\conf\repository\com\fasterxml\jackson\datatype\jackson-datatype-jsr310\2.9.9\jackson-datatype-jsr310-2.9.9.jar;D:\maven\apache-maven-3.3.9\conf\repository\com\fasterxml\jackson\module\jackson-module-parameter-names\2.9.9\jackson-module-parameter-names-2.9.9.jar;D:\maven\apache-maven-3.3.9\conf\repository\org\springframework\boot\spring-boot-starter-tomcat\2.1.6.RELEASE\spring-boot-starter-tomcat-2.1.6.RELEASE.jar;D:\maven\apache-maven-3.3.9\conf\repository\org\apache\tomcat\embed\tomcat-embed-core\9.0.21\tomcat-embed-core-9.0.21.jar;D:\maven\apache-maven-3.3.9\conf\repository\org\apache\tomcat\embed\tomcat-embed-el\9.0.21\tomcat-embed-el-9.0.21.jar;D:\maven\apache-maven-3.3.9\conf\repository\org\apache\tomcat\embed\tomcat-embed-websocket\9.0.21\tomcat-embed-websocket-9.0.21.jar;D:\maven\apache-maven-3.3.9\conf\repository\org\hibernate\validator\hibernate-validator\6.0.17.Final\hibernate-validator-6.0.17.Final.jar;D:\maven\apache-maven-3.3.9\conf\repository\javax\validation\validation-api\2.0.1.Final\validation-api-2.0.1.Final.jar;D:\maven\apache-maven-3.3.9\conf\repository\org\springframework\spring-web\5.1.8.RELEASE\spring-web-5.1.8.RELEASE.jar;D:\maven\apache-maven-3.3.9\conf\repository\org\springframework\spring-webmvc\5.1.8.RELEASE\spring-webmvc-5.1.8.RELEASE.jar;D:\maven\apache-maven-3.3.9\conf\repository\org\springframework\spring-expression\5.1.8.RELEASE\spring-expression-5.1.8.RELEASE.jar;D:\maven\apache-maven-3.3.9\conf\repository\mysql\mysql-connector-java\8.0.16\mysql-connector-java-8.0.16.jar;D:\maven\apache-maven-3.3.9\conf\repository\org\projectlombok\lombok\1.18.8\lombok-1.18.8.jar;D:\maven\apache-maven-3.3.9\conf\repository\org\springframework\boot\spring-boot-starter-test\2.1.6.RELEASE\spring-boot-starter-test-2.1.6.RELEASE.jar;D:\maven\apache-maven-3.3.9\conf\repository\org\springframework\boot\spring-boot-test\2.1.6.RELEASE\spring-boot-test-2.1.6.RELEASE.jar;D:\maven\apache-maven-3.3.9\conf\repository\org\springframework\boot\spring-boot-test-autoconfigure\2.1.6.RELEASE\spring-boot-test-autoconfigure-2.1.6.RELEASE.jar;D:\maven\apache-maven-3.3.9\conf\repository\com\jayway\jsonpath\json-path\2.4.0\json-path-2.4.0.jar;D:\maven\apache-maven-3.3.9\conf\repository\net\minidev\json-smart\2.3\json-smart-2.3.jar;D:\maven\apache-maven-3.3.9\conf\repository\net\minidev\accessors-smart\1.2\accessors-smart-1.2.jar;D:\maven\apache-maven-3.3.9\conf\repository\org\ow2\asm\asm\5.0.4\asm-5.0.4.jar;D:\maven\apache-maven-3.3.9\conf\repository\org\assertj\assertj-core\3.11.1\assertj-core-3.11.1.jar;D:\maven\apache-maven-3.3.9\conf\repository\org\mockito\mockito-core\2.23.4\mockito-core-2.23.4.jar;D:\maven\apache-maven-3.3.9\conf\repository\net\bytebuddy\byte-buddy-agent\1.9.13\byte-buddy-agent-1.9.13.jar;D:\maven\apache-maven-3.3.9\conf\repository\org\objenesis\objenesis\2.6\objenesis-2.6.jar;D:\maven\apache-maven-3.3.9\conf\repository\org\hamcrest\hamcrest-core\1.3\hamcrest-core-1.3.jar;D:\maven\apache-maven-3.3.9\conf\repository\org\hamcrest\hamcrest-library\1.3\hamcrest-library-1.3.jar;D:\maven\apache-maven-3.3.9\conf\repository\org\skyscreamer\jsonassert\1.5.0\jsonassert-1.5.0.jar;D:\maven\apache-maven-3.3.9\conf\repository\com\vaadin\external\google\android-json\0.0.20131108.vaadin1\android-json-0.0.20131108.vaadin1.jar;D:\maven\apache-maven-3.3.9\conf\repository\org\springframework\spring-core\5.1.8.RELEASE\spring-core-5.1.8.RELEASE.jar;D:\maven\apache-maven-3.3.9\conf\repository\org\springframework\spring-jcl\5.1.8.RELEASE\spring-jcl-5.1.8.RELEASE.jar;D:\maven\apache-maven-3.3.9\conf\repository\org\springframework\spring-test\5.1.8.RELEASE\spring-test-5.1.8.RELEASE.jar;D:\maven\apache-maven-3.3.9\conf\repository\org\xmlunit\xmlunit-core\2.6.2\xmlunit-core-2.6.2.jar;D:\maven\apache-maven-3.3.9\conf\repository\org\springframework\batch\spring-batch-test\4.1.2.RELEASE\spring-batch-test-4.1.2.RELEASE.jar;D:\maven\apache-maven-3.3.9\conf\repository\org\springframework\spring-jdbc\5.1.8.RELEASE\spring-jdbc-5.1.8.RELEASE.jar;D:\maven\apache-maven-3.3.9\conf\repository\commons-io\commons-io\2.5\commons-io-2.5.jar;D:\maven\apache-maven-3.3.9\conf\repository\org\apache\httpcomponents\httpclient\4.5.9\httpclient-4.5.9.jar;D:\maven\apache-maven-3.3.9\conf\repository\org\apache\httpcomponents\httpcore\4.4.11\httpcore-4.4.11.jar;D:\maven\apache-maven-3.3.9\conf\repository\commons-codec\commons-codec\1.11\commons-codec-1.11.jar;D:\maven\apache-maven-3.3.9\conf\repository\org\apache\httpcomponents\httpmime\4.5.9\httpmime-4.5.9.jar;D:\maven\apache-maven-3.3.9\conf\repository\org\apache\poi\poi\3.9\poi-3.9.jar;D:\maven\apache-maven-3.3.9\conf\repository\org\apache\poi\poi-ooxml\3.9\poi-ooxml-3.9.jar;D:\maven\apache-maven-3.3.9\conf\repository\org\apache\poi\poi-ooxml-schemas\3.9\poi-ooxml-schemas-3.9.jar;D:\maven\apache-maven-3.3.9\conf\repository\dom4j\dom4j\1.6.1\dom4j-1.6.1.jar;D:\maven\apache-maven-3.3.9\conf\repository\xml-apis\xml-apis\1.4.01\xml-apis-1.4.01.jar;D:\maven\apache-maven-3.3.9\conf\repository\org\apache\poi\ooxml-schemas\1.1\ooxml-schemas-1.1.jar;D:\maven\apache-maven-3.3.9\conf\repository\org\apache\xmlbeans\xmlbeans\2.3.0\xmlbeans-2.3.0.jar;D:\maven\apache-maven-3.3.9\conf\repository\stax\stax-api\1.0.1\stax-api-1.0.1.jar;D:\maven\apache-maven-3.3.9\conf\repository\com\google\code\gson\gson\2.8.0\gson-2.8.0.jar;D:\maven\apache-maven-3.3.9\conf\repository\com\alibaba\druid\1.1.10\druid-1.1.10.jar;D:\maven\apache-maven-3.3.9\conf\repository\junit\junit\4.12\junit-4.12.jar;"/>
    <property name="sun.cpu.endian" value="little"/>
    <property name="user.home" value="C:\Users\lenovo"/>
    <property name="user.language" value="zh"/>
    <property name="java.specification.vendor" value="Oracle Corporation"/>
    <property name="java.home" value="D:\jdk\JDK18077\jdk1.8.0_77\jre"/>
    <property name="basedir" value="E:\ideaWorkSpace\boot_demo"/>
    <property name="file.separator" value="\"/>
    <property name="line.separator" value="&#10;"/>
    <property name="java.vm.specification.vendor" value="Oracle Corporation"/>
    <property name="java.specification.name" value="Java Platform API Specification"/>
    <property name="java.awt.graphicsenv" value="sun.awt.Win32GraphicsEnvironment"/>
    <property name="surefire.real.class.path" value="C:\Users\lenovo\AppData\Local\Temp\surefire5637737824888578058\surefirebooter6315486283742673397.jar"/>
    <property name="sun.boot.class.path" value="D:\jdk\JDK18077\jdk1.8.0_77\jre\lib\resources.jar;D:\jdk\JDK18077\jdk1.8.0_77\jre\lib\rt.jar;D:\jdk\JDK18077\jdk1.8.0_77\jre\lib\sunrsasign.jar;D:\jdk\JDK18077\jdk1.8.0_77\jre\lib\jsse.jar;D:\jdk\JDK18077\jdk1.8.0_77\jre\lib\jce.jar;D:\jdk\JDK18077\jdk1.8.0_77\jre\lib\charsets.jar;D:\jdk\JDK18077\jdk1.8.0_77\jre\lib\jfr.jar;D:\jdk\JDK18077\jdk1.8.0_77\jre\classes"/>
    <property name="user.script" value=""/>
    <property name="sun.management.compiler" value="HotSpot 64-Bit Tiered Compilers"/>
    <property name="java.runtime.version" value="1.8.0_77-b03"/>
    <property name="user.name" value="lenovo"/>
    <property name="path.separator" value=";"/>
    <property name="os.version" value="10.0"/>
    <property name="java.endorsed.dirs" value="D:\jdk\JDK18077\jdk1.8.0_77\jre\lib\endorsed"/>
    <property name="java.runtime.name" value="Java(TM) SE Runtime Environment"/>
    <property name="file.encoding" value="GBK"/>
    <property name="java.vm.name" value="Java HotSpot(TM) 64-Bit Server VM"/>
    <property name="localRepository" value="D:\maven\apache-maven-3.3.9\conf\repository"/>
    <property name="java.vendor.url.bug" value="http://bugreport.sun.com/bugreport/"/>
    <property name="java.io.tmpdir" value="C:\Users\lenovo\AppData\Local\Temp\"/>
    <property name="java.version" value="1.8.0_77"/>
    <property name="user.dir" value="E:\ideaWorkSpace\boot_demo"/>
    <property name="os.arch" value="amd64"/>
    <property name="java.vm.specification.name" value="Java Virtual Machine Specification"/>
    <property name="java.awt.printerjob" value="sun.awt.windows.WPrinterJob"/>
    <property name="sun.os.patch.level" value=""/>
    <property name="java.library.path" value="D:\jdk\JDK18077\jdk1.8.0_77\jre\bin;C:\Windows\Sun\Java\bin;C:\Windows\system32;C:\Windows;D:\myoracle\product\11.2.0\dbhome_1\bin;D:\jdk\JDK18077\jdk1.8.0_77\bin;D:\jdk\JDK18077\jdk1.8.0_77\jre\bin;D:\maven\apache-maven-3.3.9\bin;D:\maven\apache-maven-3.3.9\bin;C:\Windows\system32;C:\Windows;C:\Windows\System32\Wbem;C:\Windows\System32\WindowsPowerShell\v1.0\;D:\sqlServer\installer\sharemulu\100\DTS\Binn\;D:\sqlServer\installer\sharemulu(X86)\100\Tools\Binn\VSShell\Common7\IDE\;D:\sqlServer\installer\sharemulu(X86)\100\Tools\Binn\;D:\sqlServer\installer\sharemulu\100\Tools\Binn\;C:\Program Files (x86)\Microsoft Visual Studio 9.0\Common7\IDE\PrivateAssemblies\;D:\sqlServer\installer\sharemulu(X86)\100\DTS\Binn\;C:\Program Files (x86)\Windows Kits\8.1\Windows Performance Toolkit\;C:\Program Files\Microsoft SQL Server\110\Tools\Binn\;D:\SVN\bin;D:\tomcat\tomcatTest7\apache-tomcat-7.0.79\bin;C:\Users\lenovo\AppData\Local\Microsoft\WindowsApps;;D:\VMware\SSh Secure;."/>
    <property name="java.vm.info" value="mixed mode"/>
    <property name="java.vendor" value="Oracle Corporation"/>
    <property name="java.vm.version" value="25.77-b03"/>
    <property name="java.ext.dirs" value="D:\jdk\JDK18077\jdk1.8.0_77\jre\lib\ext;C:\Windows\Sun\Java\lib\ext"/>
    <property name="sun.io.unicode.encoding" value="UnicodeLittle"/>
    <property name="java.class.version" value="52.0"/>
  </properties>
  <testcase name="contextLoads" classname="com.example.boot_demo.BootDemoApplicationTests" time="0.254"/>
</testsuite>